<?xml version="1.0" encoding="UTF-8"?>
<!-- Generated by org.testng.reporters.JUnitReportReporter -->
<testsuite hostname="AMALPURE2L" failures="0" tests="1" name="com.intetbanking.testCases.TC_001_Login" time="4.376" errors="0" timestamp="15 May 2021 07:04:28 GMT">
  <testcase classname="com.intetbanking.testCases.TC_001_Login" name="testLogin" time="4.376"/>
</testsuite> <!-- com.intetbanking.testCases.TC_001_Login -->
