<?xml version="1.0" encoding="UTF-8"?>
<!-- Generated by org.testng.reporters.JUnitReportReporter -->
<testsuite hostname="AMALPURE2L" failures="0" tests="1" name="com.intetbanking.testCases.TC_003_AddCustomerTest" time="18.241" errors="0" timestamp="17 May 2021 12:47:55 GMT">
  <testcase classname="com.intetbanking.testCases.TC_003_AddCustomerTest" name="addNewCustomer" time="18.241"/>
</testsuite> <!-- com.intetbanking.testCases.TC_003_AddCustomerTest -->
